<?xml version="1.0" encoding="UTF-8"?>
<!-- Generated by org.testng.reporters.JUnitXMLReporter -->
<testsuite hostname="DESKTOP-D9T9DF5" ignored="0" name="TestOnChrome" tests="1" failures="1" timestamp="06 Aug 2022 14:07:01 GMT" time="46.605" errors="0">
  <testcase name="GetProductNameAndPriceList" time="11.145" classname="com.flipkart.tests.SearchForProductTest">
    <failure type="java.lang.AssertionError" message="expected [true] but found [false]">
      <![CDATA[java.lang.AssertionError: expected [true] but found [false]at com.flipkart.pages.HomePage.SelectCategory(HomePage.java:50)at com.flipkart.tests.SearchForProductTest.GetProductNameAndPriceList(SearchForProductTest.java:17)... Removed 29 stack frames]]>
    </failure>
  </testcase> <!-- GetProductNameAndPriceList -->
</testsuite> <!-- TestOnChrome -->
